#
# A fatal error has been detected by the Java Runtime Environment:
#
#  EXCEPTION_ACCESS_VIOLATION (0xc0000005) at pc=0x000000005c668845, pid=18456, tid=20968
#
# JRE version: Java(TM) SE Runtime Environment (8.0_60-b27) (build 1.8.0_60-b27)
# Java VM: Java HotSpot(TM) 64-Bit Server VM (25.60-b23 mixed mode windows-amd64 compressed oops)
# Problematic frame:
# V  [jvm.dll+0x128845]
#
# Failed to write core dump. Minidumps are not enabled by default on client versions of Windows
#
# If you would like to submit a bug report, please visit:
#   http://bugreport.java.com/bugreport/crash.jsp
#

---------------  T H R E A D  ---------------

Current thread (0x000000001bbfb000):  JavaThread "JDWP Transport Listener: dt_socket" daemon [_thread_in_vm, id=20968, stack(0x000000001d6e0000,0x000000001d7e0000)]

siginfo: ExceptionCode=0xc0000005, reading address 0x0000003b6e6f6974

Registers:
RAX=0x000000001d7df501, RBX=0x000000001bbfb000, RCX=0x0000003b6e6f6974, RDX=0x0000000000000000
RSP=0x000000001d7df570, RBP=0x0000003b6e6f6974, RSI=0x000000001d7df688, RDI=0x00000000026f8820
R8 =0x000000001bbfb000, R9 =0x0000000000000001, R10=0x0000000000008000, R11=0x000000001d7df4c0
R12=0x0000000000000000, R13=0x000000001bc05dd8, R14=0x0000000000000000, R15=0x0000000000000000
RIP=0x000000005c668845, EFLAGS=0x0000000000010206

Top of Stack: (sp=0x000000001d7df570)
0x000000001d7df570:   000000001bbfb000 000000001bbfb000
0x000000001d7df580:   000000001d7df638 000000005c86e18b
0x000000001d7df590:   000000001bbfb000 000000005c88a9ed
0x000000001d7df5a0:   0000000000000000 000000005a599155
0x000000001d7df5b0:   000000002a1e6f88 000000005a5a291e
0x000000001d7df5c0:   000000001bbfb000 0000000000000000
0x000000001d7df5d0:   0000000000000000 0000000000000000
0x000000001d7df5e0:   0000003b6e6f6974 000000005a5a1a15
0x000000001d7df5f0:   000000001d7df688 000000001d7df660
0x000000001d7df600:   0000000000000001 000000002a1e6f88
0x000000001d7df610:   0000003b6e6f6974 000000005a5853b3
0x000000001d7df620:   000000001d7df750 0000000000000001
0x000000001d7df630:   0000000000000001 000000002a1e6f88
0x000000001d7df640:   00000000f000100a 0000000000000000
0x000000001d7df650:   0000000000000000 0000000000000000
0x000000001d7df660:   0000000000000001 000000005a585571 

Instructions: (pc=0x000000005c668845)
0x000000005c668825:   cc cc cc cc cc cc cc cc cc cc cc 48 83 ec 28 48
0x000000005c668835:   85 c9 75 07 33 c0 48 83 c4 28 c3 48 89 5c 24 20
0x000000005c668845:   48 8b 19 48 85 db 74 20 48 83 fb 37 74 1a 48 8b
0x000000005c668855:   13 48 8b cb ff 52 10 84 c0 74 0d 48 8b c3 48 8b 


Register to memory mapping:

RAX=0x000000001d7df501 is pointing into the stack for thread: 0x000000001bbfb000
RBX=0x000000001bbfb000 is a thread
RCX=0x0000003b6e6f6974 is an unknown value
RDX=0x0000000000000000 is an unknown value
RSP=0x000000001d7df570 is pointing into the stack for thread: 0x000000001bbfb000
RBP=0x0000003b6e6f6974 is an unknown value
RSI=0x000000001d7df688 is pointing into the stack for thread: 0x000000001bbfb000
RDI=0x00000000026f8820 is an unknown value
R8 =0x000000001bbfb000 is a thread
R9 =0x0000000000000001 is an unknown value
R10=0x0000000000008000 is an unknown value
R11=0x000000001d7df4c0 is pointing into the stack for thread: 0x000000001bbfb000
R12=0x0000000000000000 is an unknown value
R13=0x000000001bc05dd8 is an unknown value
R14=0x0000000000000000 is an unknown value
R15=0x0000000000000000 is an unknown value


Stack: [0x000000001d6e0000,0x000000001d7e0000],  sp=0x000000001d7df570,  free space=1021k
Native frames: (J=compiled Java code, j=interpreted, Vv=VM code, C=native code)
V  [jvm.dll+0x128845]
V  [jvm.dll+0x34a9ed]
C  [jdwp.dll+0x21a15]
C  [jdwp.dll+0x53b3]
C  [jdwp.dll+0x5571]
C  [jdwp.dll+0xf0a8]
C  [jdwp.dll+0x1f2d5]
C  [jdwp.dll+0x1f4aa]
V  [jvm.dll+0x1bb8e8]
V  [jvm.dll+0x243134]
V  [jvm.dll+0x299f6a]
C  [msvcr100.dll+0x21d9f]
C  [msvcr100.dll+0x21e3b]
C  [KERNEL32.DLL+0x17034]
C  [ntdll.dll+0x52651]


---------------  P R O C E S S  ---------------

Java Threads: ( => current thread )
  0x000000001f78c000 JavaThread "http-nio-8036-exec-8" daemon [_thread_blocked, id=13492, stack(0x000000002ddd0000,0x000000002ded0000)]
  0x000000001f78b800 JavaThread "http-nio-8036-exec-7" daemon [_thread_blocked, id=16548, stack(0x000000002ca30000,0x000000002cb30000)]
  0x000000001f78a800 JavaThread "http-nio-8036-exec-6" daemon [_thread_blocked, id=2124, stack(0x000000001d240000,0x000000001d340000)]
  0x000000001f783000 JavaThread "http-nio-8036-exec-5" daemon [_thread_blocked, id=21824, stack(0x0000000000ab0000,0x0000000000bb0000)]
  0x000000001f78a000 JavaThread "http-nio-8036-exec-4" daemon [_thread_blocked, id=7652, stack(0x000000002c730000,0x000000002c830000)]
  0x000000001f789000 JavaThread "http-nio-8036-exec-3" daemon [_thread_blocked, id=7116, stack(0x000000002c630000,0x000000002c730000)]
  0x000000001f784800 JavaThread "http-nio-8036-exec-2" daemon [_thread_blocked, id=15820, stack(0x000000002c330000,0x000000002c430000)]
  0x000000001f782000 JavaThread "http-nio-8036-exec-1" daemon [_thread_blocked, id=22484, stack(0x000000002c230000,0x000000002c330000)]
  0x000000001f786000 JavaThread "DestroyJavaVM" [_thread_blocked, id=12564, stack(0x0000000002470000,0x0000000002570000)]
  0x000000001f783800 JavaThread "http-nio-8036-Acceptor" daemon [_thread_in_native, id=13140, stack(0x000000002bed0000,0x000000002bfd0000)]
  0x000000001f788800 JavaThread "http-nio-8036-Poller" daemon [_thread_in_native, id=18908, stack(0x0000000029130000,0x0000000029230000)]
  0x0000000020c6a800 JavaThread "container-0" [_thread_blocked, id=6800, stack(0x000000002b910000,0x000000002ba10000)]
  0x0000000020c69000 JavaThread "Catalina-utility-2" [_thread_blocked, id=19576, stack(0x0000000029030000,0x0000000029130000)]
  0x0000000020c6c000 JavaThread "Catalina-utility-1" [_thread_blocked, id=17348, stack(0x0000000028a10000,0x0000000028b10000)]
  0x0000000020c6b800 JavaThread "HikariPool-1 housekeeper" daemon [_thread_blocked, id=6168, stack(0x0000000028b30000,0x0000000028c30000)]
  0x000000001e1c9800 JavaThread "mysql-cj-abandoned-connection-cleanup" daemon [_thread_blocked, id=12908, stack(0x0000000025320000,0x0000000025420000)]
  0x000000001f621800 JavaThread "JMX server connection timeout 20" daemon [_thread_blocked, id=19396, stack(0x0000000024ee0000,0x0000000024fe0000)]
  0x00000000243d6800 JavaThread "RMI Scheduler(0)" daemon [_thread_blocked, id=3792, stack(0x000000001fbf0000,0x000000001fcf0000)]
  0x000000002380c800 JavaThread "RMI TCP Connection(idle)" daemon [_thread_blocked, id=14104, stack(0x0000000025220000,0x0000000025320000)]
  0x000000001f7d9800 JavaThread "RMI TCP Accept-0" daemon [_thread_in_native, id=19692, stack(0x00000000254a0000,0x00000000255a0000)]
  0x000000001de99800 JavaThread "Service Thread" daemon [_thread_blocked, id=3788, stack(0x000000001e8e0000,0x000000001e9e0000)]
  0x000000001ddfa800 JavaThread "C1 CompilerThread2" daemon [_thread_blocked, id=18744, stack(0x000000001e7e0000,0x000000001e8e0000)]
  0x000000001ddfa000 JavaThread "C2 CompilerThread1" daemon [_thread_blocked, id=21604, stack(0x000000001e6e0000,0x000000001e7e0000)]
  0x000000001dde9800 JavaThread "C2 CompilerThread0" daemon [_thread_blocked, id=17008, stack(0x000000001e5e0000,0x000000001e6e0000)]
  0x000000001bc0e000 JavaThread "JDWP Command Reader" daemon [_thread_in_native, id=12200, stack(0x000000001d8e0000,0x000000001d9e0000)]
  0x000000001bc0c800 JavaThread "JDWP Event Helper Thread" daemon [_thread_blocked, id=17724, stack(0x000000001d7e0000,0x000000001d8e0000)]
=>0x000000001bbfb000 JavaThread "JDWP Transport Listener: dt_socket" daemon [_thread_in_vm, id=20968, stack(0x000000001d6e0000,0x000000001d7e0000)]
  0x000000001bbf2000 JavaThread "Attach Listener" daemon [_thread_blocked, id=16288, stack(0x000000001d140000,0x000000001d240000)]
  0x000000001bbf0800 JavaThread "Signal Dispatcher" daemon [_thread_blocked, id=18148, stack(0x000000001d040000,0x000000001d140000)]
  0x00000000027fb800 JavaThread "Finalizer" daemon [_thread_blocked, id=21880, stack(0x000000001ce40000,0x000000001cf40000)]
  0x00000000027f2800 JavaThread "Reference Handler" daemon [_thread_blocked, id=18576, stack(0x000000001cd40000,0x000000001ce40000)]

Other Threads:
  0x000000001bbb7800 VMThread [stack: 0x000000001cc40000,0x000000001cd40000] [id=14836]
  0x000000001df23000 WatcherThread [stack: 0x000000001e9e0000,0x000000001eae0000] [id=20936]

VM state:not at safepoint (normal execution)

VM Mutex/Monitor currently owned by a thread: None

Heap:
 PSYoungGen      total 365568K, used 304591K [0x000000076c800000, 0x000000078dc80000, 0x00000007c0000000)
  eden space 348672K, 87% used [0x000000076c800000,0x000000077f173f20,0x0000000781c80000)
  from space 16896K, 0% used [0x0000000781c80000,0x0000000781c80000,0x0000000782d00000)
  to   space 16384K, 0% used [0x000000078cc80000,0x000000078cc80000,0x000000078dc80000)
 ParOldGen       total 141312K, used 18665K [0x00000006c5800000, 0x00000006ce200000, 0x000000076c800000)
  object space 141312K, 13% used [0x00000006c5800000,0x00000006c6a3a630,0x00000006ce200000)
 Metaspace       used 67542K, capacity 71524K, committed 71768K, reserved 1112064K
  class space    used 9166K, capacity 9803K, committed 9856K, reserved 1048576K

Card table byte_map: [0x0000000011bc0000,0x00000000123a0000] byte_map_base: 0x000000000e594000

Marking Bits: (ParMarkBitMap*) 0x000000005cd4a5b0
 Begin Bits: [0x0000000012ce0000, 0x0000000016b80000)
 End Bits:   [0x0000000016b80000, 0x000000001aa20000)

Polling page: 0x0000000002570000

CodeCache: size=245760Kb used=17589Kb max_used=17592Kb free=228170Kb
 bounds [0x0000000002800000, 0x00000000039a0000, 0x0000000011800000]
 total_blobs=5723 nmethods=5151 adapters=491
 compilation: enabled

Compilation events (10 events):
Event: 2104.990 Thread 0x000000001ddfa800 5995       3       java.net.NetworkInterface$2::nextElement (46 bytes)
Event: 2104.991 Thread 0x000000001ddfa800 nmethod 5995 0x00000000038f8d50 code [0x00000000038f8ec0, 0x00000000038f9188]
Event: 2104.991 Thread 0x000000001ddfa800 5996       3       java.io.ObjectOutputStream$HandleTable::lookup (56 bytes)
Event: 2104.991 Thread 0x000000001ddfa800 nmethod 5996 0x00000000038f8590 code [0x00000000038f8720, 0x00000000038f8ae8]
Event: 2202.729 Thread 0x000000001ddfa800 5997       1       java.util.HashMap$Values::size (8 bytes)
Event: 2202.729 Thread 0x000000001ddfa800 nmethod 5997 0x0000000003073a10 code [0x0000000003073b60, 0x0000000003073c70]
Event: 2232.015 Thread 0x000000001ddfa800 5998       3       java.io.ObjectStreamClass::processQueue (21 bytes)
Event: 2232.015 Thread 0x000000001ddfa800 nmethod 5998 0x00000000038f7bd0 code [0x00000000038f7d80, 0x00000000038f8358]
Event: 2256.942 Thread 0x000000001ddfa800 5999       3       java.util.concurrent.TimeUnit$3::toNanos (11 bytes)
Event: 2256.943 Thread 0x000000001ddfa800 nmethod 5999 0x00000000038f7710 code [0x00000000038f7880, 0x00000000038f7af0]

GC Heap History (10 events):
Event: 5.228 GC heap before
{Heap before GC invocations=8 (full 2):
 PSYoungGen      total 232960K, used 9711K [0x000000076c800000, 0x000000077ba80000, 0x00000007c0000000)
  eden space 223232K, 0% used [0x000000076c800000,0x000000076c800000,0x000000077a200000)
  from space 9728K, 99% used [0x000000077b100000,0x000000077ba7bea0,0x000000077ba80000)
  to   space 11776K, 0% used [0x000000077a380000,0x000000077a380000,0x000000077af00000)
 ParOldGen       total 82432K, used 6377K [0x00000006c5800000, 0x00000006ca880000, 0x000000076c800000)
  object space 82432K, 7% used [0x00000006c5800000,0x00000006c5e3a748,0x00000006ca880000)
 Metaspace       used 33313K, capacity 35316K, committed 35416K, reserved 1079296K
  class space    used 4318K, capacity 4666K, committed 4736K, reserved 1048576K
Event: 5.310 GC heap after
Heap after GC invocations=8 (full 2):
 PSYoungGen      total 232960K, used 0K [0x000000076c800000, 0x000000077ba80000, 0x00000007c0000000)
  eden space 223232K, 0% used [0x000000076c800000,0x000000076c800000,0x000000077a200000)
  from space 9728K, 0% used [0x000000077b100000,0x000000077b100000,0x000000077ba80000)
  to   space 11776K, 0% used [0x000000077a380000,0x000000077a380000,0x000000077af00000)
 ParOldGen       total 121856K, used 15043K [0x00000006c5800000, 0x00000006ccf00000, 0x000000076c800000)
  object space 121856K, 12% used [0x00000006c5800000,0x00000006c66b0cd8,0x00000006ccf00000)
 Metaspace       used 33313K, capacity 35316K, committed 35416K, reserved 1079296K
  class space    used 4318K, capacity 4666K, committed 4736K, reserved 1048576K
}
Event: 7.083 GC heap before
{Heap before GC invocations=9 (full 2):
 PSYoungGen      total 232960K, used 223232K [0x000000076c800000, 0x000000077ba80000, 0x00000007c0000000)
  eden space 223232K, 100% used [0x000000076c800000,0x000000077a200000,0x000000077a200000)
  from space 9728K, 0% used [0x000000077b100000,0x000000077b100000,0x000000077ba80000)
  to   space 11776K, 0% used [0x000000077a380000,0x000000077a380000,0x000000077af00000)
 ParOldGen       total 121856K, used 15043K [0x00000006c5800000, 0x00000006ccf00000, 0x000000076c800000)
  object space 121856K, 12% used [0x00000006c5800000,0x00000006c66b0cd8,0x00000006ccf00000)
 Metaspace       used 43558K, capacity 45936K, committed 46168K, reserved 1089536K
  class space    used 5819K, capacity 6219K, committed 6272K, reserved 1048576K
Event: 7.101 GC heap after
Heap after GC invocations=9 (full 2):
 PSYoungGen      total 236544K, used 11754K [0x000000076c800000, 0x0000000783d80000, 0x00000007c0000000)
  eden space 224768K, 0% used [0x000000076c800000,0x000000076c800000,0x000000077a380000)
  from space 11776K, 99% used [0x000000077a380000,0x000000077aefa960,0x000000077af00000)
  to   space 13824K, 0% used [0x0000000783000000,0x0000000783000000,0x0000000783d80000)
 ParOldGen       total 121856K, used 15534K [0x00000006c5800000, 0x00000006ccf00000, 0x000000076c800000)
  object space 121856K, 12% used [0x00000006c5800000,0x00000006c672b858,0x00000006ccf00000)
 Metaspace       used 43558K, capacity 45936K, committed 46168K, reserved 1089536K
  class space    used 5819K, capacity 6219K, committed 6272K, reserved 1048576K
}
Event: 9.250 GC heap before
{Heap before GC invocations=10 (full 2):
 PSYoungGen      total 236544K, used 236522K [0x000000076c800000, 0x0000000783d80000, 0x00000007c0000000)
  eden space 224768K, 100% used [0x000000076c800000,0x000000077a380000,0x000000077a380000)
  from space 11776K, 99% used [0x000000077a380000,0x000000077aefa960,0x000000077af00000)
  to   space 13824K, 0% used [0x0000000783000000,0x0000000783000000,0x0000000783d80000)
 ParOldGen       total 121856K, used 15534K [0x00000006c5800000, 0x00000006ccf00000, 0x000000076c800000)
  object space 121856K, 12% used [0x00000006c5800000,0x00000006c672b858,0x00000006ccf00000)
 Metaspace       used 55547K, capacity 58674K, committed 58840K, reserved 1099776K
  class space    used 7563K, capacity 8090K, committed 8192K, reserved 1048576K
Event: 9.272 GC heap after
Heap after GC invocations=10 (full 2):
 PSYoungGen      total 360960K, used 13795K [0x000000076c800000, 0x0000000783d80000, 0x00000007c0000000)
  eden space 347136K, 0% used [0x000000076c800000,0x000000076c800000,0x0000000781b00000)
  from space 13824K, 99% used [0x0000000783000000,0x0000000783d78dc0,0x0000000783d80000)
  to   space 16896K, 0% used [0x0000000781c80000,0x0000000781c80000,0x0000000782d00000)
 ParOldGen       total 121856K, used 18701K [0x00000006c5800000, 0x00000006ccf00000, 0x000000076c800000)
  object space 121856K, 15% used [0x00000006c5800000,0x00000006c6a437b8,0x00000006ccf00000)
 Metaspace       used 55547K, capacity 58674K, committed 58840K, reserved 1099776K
  class space    used 7563K, capacity 8090K, committed 8192K, reserved 1048576K
}
Event: 9.320 GC heap before
{Heap before GC invocations=11 (full 2):
 PSYoungGen      total 360960K, used 20456K [0x000000076c800000, 0x0000000783d80000, 0x00000007c0000000)
  eden space 347136K, 1% used [0x000000076c800000,0x000000076ce81638,0x0000000781b00000)
  from space 13824K, 99% used [0x0000000783000000,0x0000000783d78dc0,0x0000000783d80000)
  to   space 16896K, 0% used [0x0000000781c80000,0x0000000781c80000,0x0000000782d00000)
 ParOldGen       total 121856K, used 18701K [0x00000006c5800000, 0x00000006ccf00000, 0x000000076c800000)
  object space 121856K, 15% used [0x00000006c5800000,0x00000006c6a437b8,0x00000006ccf00000)
 Metaspace       used 55816K, capacity 58940K, committed 59028K, reserved 1099776K
  class space    used 7610K, capacity 8133K, committed 8192K, reserved 1048576K
Event: 9.337 GC heap after
Heap after GC invocations=11 (full 2):
 PSYoungGen      total 365568K, used 8072K [0x000000076c800000, 0x000000078dc80000, 0x00000007c0000000)
  eden space 348672K, 0% used [0x000000076c800000,0x000000076c800000,0x0000000781c80000)
  from space 16896K, 47% used [0x0000000781c80000,0x00000007824620c0,0x0000000782d00000)
  to   space 16384K, 0% used [0x000000078cc80000,0x000000078cc80000,0x000000078dc80000)
 ParOldGen       total 121856K, used 18701K [0x00000006c5800000, 0x00000006ccf00000, 0x000000076c800000)
  object space 121856K, 15% used [0x00000006c5800000,0x00000006c6a437b8,0x00000006ccf00000)
 Metaspace       used 55816K, capacity 58940K, committed 59028K, reserved 1099776K
  class space    used 7610K, capacity 8133K, committed 8192K, reserved 1048576K
}
Event: 9.337 GC heap before
{Heap before GC invocations=12 (full 3):
 PSYoungGen      total 365568K, used 8072K [0x000000076c800000, 0x000000078dc80000, 0x00000007c0000000)
  eden space 348672K, 0% used [0x000000076c800000,0x000000076c800000,0x0000000781c80000)
  from space 16896K, 47% used [0x0000000781c80000,0x00000007824620c0,0x0000000782d00000)
  to   space 16384K, 0% used [0x000000078cc80000,0x000000078cc80000,0x000000078dc80000)
 ParOldGen       total 121856K, used 18701K [0x00000006c5800000, 0x00000006ccf00000, 0x000000076c800000)
  object space 121856K, 15% used [0x00000006c5800000,0x00000006c6a437b8,0x00000006ccf00000)
 Metaspace       used 55816K, capacity 58940K, committed 59028K, reserved 1099776K
  class space    used 7610K, capacity 8133K, committed 8192K, reserved 1048576K
Event: 9.474 GC heap after
Heap after GC invocations=12 (full 3):
 PSYoungGen      total 365568K, used 0K [0x000000076c800000, 0x000000078dc80000, 0x00000007c0000000)
  eden space 348672K, 0% used [0x000000076c800000,0x000000076c800000,0x0000000781c80000)
  from space 16896K, 0% used [0x0000000781c80000,0x0000000781c80000,0x0000000782d00000)
  to   space 16384K, 0% used [0x000000078cc80000,0x000000078cc80000,0x000000078dc80000)
 ParOldGen       total 141312K, used 18665K [0x00000006c5800000, 0x00000006ce200000, 0x000000076c800000)
  object space 141312K, 13% used [0x00000006c5800000,0x00000006c6a3a630,0x00000006ce200000)
 Metaspace       used 55816K, capacity 58940K, committed 59028K, reserved 1099776K
  class space    used 7610K, capacity 8133K, committed 8192K, reserved 1048576K
}

Deoptimization events (10 events):
Event: 116.538 Thread 0x000000001f78a800 Uncommon trap: reason=unhandled action=none pc=0x000000000348f0e0 method=java.net.URLClassLoader.findClass(Ljava/lang/String;)Ljava/lang/Class; @ 44
Event: 116.538 Thread 0x000000001f78a800 Uncommon trap: reason=unhandled action=none pc=0x000000000348f0e0 method=java.net.URLClassLoader.findClass(Ljava/lang/String;)Ljava/lang/Class; @ 44
Event: 116.539 Thread 0x000000001f78a800 Uncommon trap: reason=unhandled action=none pc=0x000000000348f0e0 method=java.net.URLClassLoader.findClass(Ljava/lang/String;)Ljava/lang/Class; @ 44
Event: 116.541 Thread 0x000000001f78a800 Uncommon trap: reason=unhandled action=none pc=0x000000000348f0e0 method=java.net.URLClassLoader.findClass(Ljava/lang/String;)Ljava/lang/Class; @ 44
Event: 116.541 Thread 0x000000001f78a800 Uncommon trap: reason=unhandled action=none pc=0x000000000348f0e0 method=java.net.URLClassLoader.findClass(Ljava/lang/String;)Ljava/lang/Class; @ 44
Event: 156.767 Thread 0x000000001f78b800 Uncommon trap: reason=unhandled action=none pc=0x000000000348f0e0 method=java.net.URLClassLoader.findClass(Ljava/lang/String;)Ljava/lang/Class; @ 44
Event: 156.768 Thread 0x000000001f78b800 Uncommon trap: reason=unhandled action=none pc=0x000000000348f0e0 method=java.net.URLClassLoader.findClass(Ljava/lang/String;)Ljava/lang/Class; @ 44
Event: 1142.599 Thread 0x000000001e1c9800 Uncommon trap: reason=unstable_if action=reinterpret pc=0x00000000033a9fd8 method=java.lang.ref.ReferenceQueue.remove(J)Ljava/lang/ref/Reference; @ 104
Event: 1765.567 Thread 0x000000001f785800 Uncommon trap: reason=unhandled action=none pc=0x000000000348f0e0 method=java.net.URLClassLoader.findClass(Ljava/lang/String;)Ljava/lang/Class; @ 44
Event: 1765.598 Thread 0x000000001f785800 Uncommon trap: reason=unhandled action=none pc=0x000000000348f0e0 method=java.net.URLClassLoader.findClass(Ljava/lang/String;)Ljava/lang/Class; @ 44

Internal exceptions (10 events):
Event: 116.506 Thread 0x000000001f78a800 Exception <a 'java/lang/ArrayIndexOutOfBoundsException': 92> (0x000000077d2e3200) thrown at [C:\re\workspace\8-2-build-windows-amd64-cygwin\jdk8u60\4407\hotspot\src\share\vm\interpreter\interpreterRuntime.cpp, line 366]
Event: 116.506 Thread 0x000000001f78a800 Exception <a 'java/lang/ArrayIndexOutOfBoundsException': 71> (0x000000077d2e4818) thrown at [C:\re\workspace\8-2-build-windows-amd64-cygwin\jdk8u60\4407\hotspot\src\share\vm\interpreter\interpreterRuntime.cpp, line 366]
Event: 116.506 Thread 0x000000001f78a800 Exception <a 'java/lang/ArrayIndexOutOfBoundsException': 105> (0x000000077d2e69c0) thrown at [C:\re\workspace\8-2-build-windows-amd64-cygwin\jdk8u60\4407\hotspot\src\share\vm\interpreter\interpreterRuntime.cpp, line 366]
Event: 116.506 Thread 0x000000001f78a800 Exception <a 'java/lang/ArrayIndexOutOfBoundsException': 84> (0x000000077d2e8cc8) thrown at [C:\re\workspace\8-2-build-windows-amd64-cygwin\jdk8u60\4407\hotspot\src\share\vm\interpreter\interpreterRuntime.cpp, line 366]
Event: 116.508 Thread 0x000000001f78a800 Exception <a 'java/lang/ArrayIndexOutOfBoundsException': 56> (0x000000077d2f2748) thrown at [C:\re\workspace\8-2-build-windows-amd64-cygwin\jdk8u60\4407\hotspot\src\share\vm\interpreter\interpreterRuntime.cpp, line 366]
Event: 116.508 Thread 0x000000001f78a800 Exception <a 'java/lang/ArrayIndexOutOfBoundsException': 128> (0x000000077d2f5e08) thrown at [C:\re\workspace\8-2-build-windows-amd64-cygwin\jdk8u60\4407\hotspot\src\share\vm\interpreter\interpreterRuntime.cpp, line 366]
Event: 116.508 Thread 0x000000001f78a800 Exception <a 'java/lang/ArrayIndexOutOfBoundsException': 54> (0x000000077d2f73e8) thrown at [C:\re\workspace\8-2-build-windows-amd64-cygwin\jdk8u60\4407\hotspot\src\share\vm\interpreter\interpreterRuntime.cpp, line 366]
Event: 116.509 Thread 0x000000001f78a800 Exception <a 'java/lang/ArrayIndexOutOfBoundsException': 56> (0x000000077d3025d0) thrown at [C:\re\workspace\8-2-build-windows-amd64-cygwin\jdk8u60\4407\hotspot\src\share\vm\interpreter\interpreterRuntime.cpp, line 366]
Event: 116.510 Thread 0x000000001f78a800 Exception <a 'java/lang/ArrayIndexOutOfBoundsException': 58> (0x000000077d304b78) thrown at [C:\re\workspace\8-2-build-windows-amd64-cygwin\jdk8u60\4407\hotspot\src\share\vm\interpreter\interpreterRuntime.cpp, line 366]
Event: 116.526 Thread 0x000000001f78a800 Exception <a 'java/lang/ArrayIndexOutOfBoundsException': 59> (0x000000077d3a1e98) thrown at [C:\re\workspace\8-2-build-windows-amd64-cygwin\jdk8u60\4407\hotspot\src\share\vm\interpreter\interpreterRuntime.cpp, line 366]

Events (10 events):
Event: 1806.229 Executing VM operation: RevokeBias
Event: 1806.229 Executing VM operation: RevokeBias done
Event: 1811.236 Executing VM operation: RevokeBias
Event: 1811.236 Executing VM operation: RevokeBias done
Event: 1811.236 Thread 0x000000001f785800 Thread exited: 0x000000001f785800
Event: 1811.251 Executing VM operation: RevokeBias
Event: 1811.252 Executing VM operation: RevokeBias done
Event: 1811.252 Thread 0x000000001f78d000 Thread exited: 0x000000001f78d000
Event: 2264.686 Executing VM operation: RedefineClasses
Event: 2264.720 Executing VM operation: RedefineClasses done


Dynamic libraries:
0x00007ff7b2050000 - 0x00007ff7b2087000 	C:\Program Files\Java\jre1.8.0_60\bin\javaw.exe
0x00007ffd36850000 - 0x00007ffd36a45000 	C:\WINDOWS\SYSTEM32\ntdll.dll
0x00007ffd35d90000 - 0x00007ffd35e4e000 	C:\WINDOWS\System32\KERNEL32.DLL
0x00007ffd34540000 - 0x00007ffd34808000 	C:\WINDOWS\System32\KERNELBASE.dll
0x00007ffd36020000 - 0x00007ffd360ce000 	C:\WINDOWS\System32\ADVAPI32.dll
0x00007ffd348b0000 - 0x00007ffd3494e000 	C:\WINDOWS\System32\msvcrt.dll
0x00007ffd34a10000 - 0x00007ffd34aac000 	C:\WINDOWS\System32\sechost.dll
0x00007ffd34ab0000 - 0x00007ffd34bd5000 	C:\WINDOWS\System32\RPCRT4.dll
0x00007ffd36190000 - 0x00007ffd36330000 	C:\WINDOWS\System32\USER32.dll
0x00007ffd34880000 - 0x00007ffd348a2000 	C:\WINDOWS\System32\win32u.dll
0x00007ffd35d60000 - 0x00007ffd35d8a000 	C:\WINDOWS\System32\GDI32.dll
0x00007ffd34250000 - 0x00007ffd3435b000 	C:\WINDOWS\System32\gdi32full.dll
0x00007ffd34050000 - 0x00007ffd340ed000 	C:\WINDOWS\System32\msvcp_win.dll
0x00007ffd34360000 - 0x00007ffd34460000 	C:\WINDOWS\System32\ucrtbase.dll
0x00007ffd28c70000 - 0x00007ffd28f0a000 	C:\WINDOWS\WinSxS\amd64_microsoft.windows.common-controls_6595b64144ccf1df_6.0.19041.1110_none_60b5254171f9507e\COMCTL32.dll
0x00007ffd367e0000 - 0x00007ffd36810000 	C:\WINDOWS\System32\IMM32.DLL
0x000000005cfb0000 - 0x000000005d082000 	C:\Program Files\Java\jre1.8.0_60\bin\msvcr100.dll
0x000000005c540000 - 0x000000005cdc9000 	C:\Program Files\Java\jre1.8.0_60\bin\server\jvm.dll
0x00007ffd36360000 - 0x00007ffd36368000 	C:\WINDOWS\System32\PSAPI.DLL
0x00007ffd24510000 - 0x00007ffd24519000 	C:\WINDOWS\SYSTEM32\WSOCK32.dll
0x00007ffd34d40000 - 0x00007ffd34dab000 	C:\WINDOWS\System32\WS2_32.dll
0x00007ffd24e90000 - 0x00007ffd24eb7000 	C:\WINDOWS\SYSTEM32\WINMM.dll
0x00007ffd2cda0000 - 0x00007ffd2cdaa000 	C:\WINDOWS\SYSTEM32\VERSION.dll
0x000000005d410000 - 0x000000005d41f000 	C:\Program Files\Java\jre1.8.0_60\bin\verify.dll
0x000000005d3e0000 - 0x000000005d409000 	C:\Program Files\Java\jre1.8.0_60\bin\java.dll
0x000000005a580000 - 0x000000005a5b5000 	C:\Program Files\Java\jre1.8.0_60\bin\jdwp.dll
0x000000005cfa0000 - 0x000000005cfa8000 	C:\Program Files\Java\jre1.8.0_60\bin\npt.dll
0x000000005d3b0000 - 0x000000005d3d3000 	C:\Program Files\Java\jre1.8.0_60\bin\instrument.dll
0x000000005d390000 - 0x000000005d3a6000 	C:\Program Files\Java\jre1.8.0_60\bin\zip.dll
0x00007ffd35610000 - 0x00007ffd35d54000 	C:\WINDOWS\System32\SHELL32.dll
0x00007ffd31f90000 - 0x00007ffd32724000 	C:\WINDOWS\SYSTEM32\windows.storage.dll
0x00007ffd350a0000 - 0x00007ffd353f4000 	C:\WINDOWS\System32\combase.dll
0x00007ffd339e0000 - 0x00007ffd33a0c000 	C:\WINDOWS\SYSTEM32\Wldp.dll
0x00007ffd34960000 - 0x00007ffd34a0d000 	C:\WINDOWS\System32\SHCORE.dll
0x00007ffd34db0000 - 0x00007ffd34e05000 	C:\WINDOWS\System32\shlwapi.dll
0x00007ffd33eb0000 - 0x00007ffd33ecf000 	C:\WINDOWS\SYSTEM32\profapi.dll
0x000000005a570000 - 0x000000005a579000 	C:\Program Files\Java\jre1.8.0_60\bin\dt_socket.dll
0x00007ffd248a0000 - 0x00007ffd248b7000 	C:\WINDOWS\system32\napinsp.dll
0x00007ffd24830000 - 0x00007ffd2484b000 	C:\WINDOWS\system32\pnrpnsp.dll
0x00007ffd24810000 - 0x00007ffd24825000 	C:\WINDOWS\system32\wshbth.dll
0x00007ffd2d210000 - 0x00007ffd2d22d000 	C:\WINDOWS\system32\NLAapi.dll
0x00007ffd333e0000 - 0x00007ffd3341b000 	C:\WINDOWS\SYSTEM32\IPHLPAPI.DLL
0x00007ffd33740000 - 0x00007ffd337aa000 	C:\WINDOWS\System32\mswsock.dll
0x00007ffd33420000 - 0x00007ffd334eb000 	C:\WINDOWS\SYSTEM32\DNSAPI.dll
0x00007ffd36330000 - 0x00007ffd36338000 	C:\WINDOWS\System32\NSI.dll
0x00007ffd247f0000 - 0x00007ffd24802000 	C:\WINDOWS\System32\winrnr.dll
0x000000005e480000 - 0x000000005e4a6000 	C:\Program Files\Bonjour\mdnsNSP.dll
0x00007ffd28f50000 - 0x00007ffd28fcf000 	C:\WINDOWS\System32\fwpuclnt.dll
0x00007ffd34510000 - 0x00007ffd34537000 	C:\WINDOWS\System32\bcrypt.dll
0x00007ffd29e50000 - 0x00007ffd29e5a000 	C:\Windows\System32\rasadhlp.dll
0x000000005d310000 - 0x000000005d31d000 	C:\Program Files\Java\jre1.8.0_60\bin\management.dll
0x000000005d370000 - 0x000000005d38a000 	C:\Program Files\Java\jre1.8.0_60\bin\net.dll
0x000000005d350000 - 0x000000005d361000 	C:\Program Files\Java\jre1.8.0_60\bin\nio.dll
0x00007ffd33940000 - 0x00007ffd33958000 	C:\WINDOWS\SYSTEM32\CRYPTSP.dll
0x00007ffd33050000 - 0x00007ffd33084000 	C:\WINDOWS\system32\rsaenh.dll
0x00007ffd33e70000 - 0x00007ffd33e9e000 	C:\WINDOWS\SYSTEM32\USERENV.dll
0x00007ffd33f70000 - 0x00007ffd33ff2000 	C:\WINDOWS\System32\bcryptprimitives.dll
0x00007ffd33930000 - 0x00007ffd3393c000 	C:\WINDOWS\SYSTEM32\CRYPTBASE.dll
0x00007ffd2b9b0000 - 0x00007ffd2b9c7000 	C:\WINDOWS\SYSTEM32\dhcpcsvc6.DLL
0x00007ffd2bdb0000 - 0x00007ffd2bdcd000 	C:\WINDOWS\SYSTEM32\dhcpcsvc.DLL
0x000000005d320000 - 0x000000005d344000 	C:\Program Files\Java\jre1.8.0_60\bin\sunec.dll
0x00007ffd31d80000 - 0x00007ffd31f64000 	C:\WINDOWS\SYSTEM32\dbghelp.dll

VM Arguments:
jvm_args: -agentlib:jdwp=transport=dt_socket,suspend=y,address=localhost:50668 -javaagent:E:\sources\STS 4\sts-4.2.0.RELEASE\configuration\org.eclipse.osgi\234\0\.cp\lib\javaagent-shaded.jar -Dfile.encoding=UTF-8 
java_command: com.app.AdminApplication
java_class_path (initial): E:\sources\STS 4\Work Space\AdminApplication\target\classes;C:\Users\Mahmoud\.m2\repository\org\springframework\boot\spring-boot-starter-security\2.6.2\spring-boot-starter-security-2.6.2.jar;C:\Users\Mahmoud\.m2\repository\org\springframework\boot\spring-boot-starter\2.6.2\spring-boot-starter-2.6.2.jar;C:\Users\Mahmoud\.m2\repository\org\springframework\boot\spring-boot\2.6.2\spring-boot-2.6.2.jar;C:\Users\Mahmoud\.m2\repository\org\springframework\boot\spring-boot-autoconfigure\2.6.2\spring-boot-autoconfigure-2.6.2.jar;C:\Users\Mahmoud\.m2\repository\org\springframework\boot\spring-boot-starter-logging\2.6.2\spring-boot-starter-logging-2.6.2.jar;C:\Users\Mahmoud\.m2\repository\ch\qos\logback\logback-classic\1.2.9\logback-classic-1.2.9.jar;C:\Users\Mahmoud\.m2\repository\ch\qos\logback\logback-core\1.2.9\logback-core-1.2.9.jar;C:\Users\Mahmoud\.m2\repository\org\apache\logging\log4j\log4j-to-slf4j\2.17.0\log4j-to-slf4j-2.17.0.jar;C:\Users\Mahmoud\.m2\repository\org\apache\logging\log4j\log4j-api\2.17.0\log4j-api-2.17.0.jar;C:\Users\Mahmoud\.m2\repository\org\slf4j\jul-to-slf4j\1.7.32\jul-to-slf4j-1.7.32.jar;C:\Users\Mahmoud\.m2\repository\jakarta\annotation\jakarta.annotation-api\1.3.5\jakarta.annotation-api-1.3.5.jar;C:\Users\Mahmoud\.m2\repository\org\yaml\snakeyaml\1.29\snakeyaml-1.29.jar;C:\Users\Mahmoud\.m2\repository\org\springframework\spring-aop\5.3.14\spring-aop-5.3.14.jar;C:\Users\Mahmoud\.m2\repository\org\springframework\spring-beans\5.3.14\spring-beans-5.3.14.jar;C:\Users\Mahmoud\.m2\repository\org\springframework\security\spring-security-config\5.6.1\spring-security-config-5.6.1.jar;C:\Users\Mahmoud\.m2\repository\org\springframework\spring-context\5.3.14\spring-context-5.3.14.jar;C:\Users\Mahmoud\.m2\repository\org\springframework\security\spring-security-web\5.6.1\spring-security-web-5.6.1.jar;C:\Users\Mahmoud\.m2\repository\org\springframework\spring-expression\5.3.14\spring-expression-5.3.14.jar;C:\Users\Mahmoud\.m2\rep
Launcher Type: SUN_STANDARD

Environment Variables:
JAVA_HOME=C:\Program Files\Java\jdk1.8.0_60
PATH=C:/Program Files/Java/jre1.8.0_60/bin/server;C:/Program Files/Java/jre1.8.0_60/bin;C:/Program Files/Java/jre1.8.0_60/lib/amd64;C:\Program Files (x86)\Common Files\Oracle\Java\javapath;C:\oraclexe\app\oracle\product\11.2.0\server\bin;C:\ProgramData\Oracle\Java\javapath;C:\WINDOWS\system32;C:\WINDOWS;C:\WINDOWS\System32\Wbem;C:\WINDOWS\System32\WindowsPowerShell\v1.0\;C:\WINDOWS\System32\OpenSSH\;C:\Program Files\Java\jdk1.8.0_60\bin;C:\Program Files\apache-maven-3.6.3\bin;C:\Program Files\NVIDIA Corporation\NVIDIA NvDLISR;C:\Program Files\nodejs\;C:\Program Files\Git\cmd;C:\Program Files\Java\jdk1.8.0_60\bin;C:\Users\Mahmoud\AppData\Local\Programs\Microsoft VS Code\bin;C:\Users\Mahmoud\AppData\Roaming\npm;C:\Program Files (x86)\Sophos\Sophos SSL VPN Client\bin;E:\sources\STS 4\sts-4.2.0.RELEASE;
USERNAME=Mahmoud
OS=Windows_NT
PROCESSOR_IDENTIFIER=Intel64 Family 6 Model 78 Stepping 3, GenuineIntel



---------------  S Y S T E M  ---------------

OS: Windows 10.0 , 64 bit Build 19041 (10.0.19041.1645)

CPU:total 4 (2 cores per cpu, 2 threads per core) family 6 model 78 stepping 3, cmov, cx8, fxsr, mmx, sse, sse2, sse3, ssse3, sse4.1, sse4.2, popcnt, avx, avx2, aes, clmul, erms, rtm, 3dnowpref, lzcnt, ht, tsc, tscinvbit, bmi1, bmi2, adx

Memory: 4k page, physical 16412016k(6964988k free), swap 21026676k(6455168k free)

vm_info: Java HotSpot(TM) 64-Bit Server VM (25.60-b23) for windows-amd64 JRE (1.8.0_60-b27), built on Aug  4 2015 11:06:27 by "java_re" with MS VC++ 10.0 (VS2010)

time: Wed Apr 20 02:06:28 2022
elapsed time: 2264 seconds (0d 0h 37m 44s)

